INFO:main:Info level log
WARNING:main:Warning level log
INFO:main:Info level log
WARNING:main:Warning level log
INFO:main:Info level log
WARNING:main:Warning level log
INFO:main:Info level log
WARNING:main:Warning level log
INFO:main:Info level log
WARNING:main:Warning level log
INFO:main:Info level log
WARNING:main:Warning level log
INFO:main:Info level log
WARNING:main:Warning level log
INFO:main:Info level log
WARNING:main:Warning level log
INFO:main:Info level log
WARNING:main:Warning level log
INFO:main:Info level log
WARNING:main:Warning level log
INFO:main:Info level log
WARNING:main:Warning level log
INFO:werkzeug:[31m[1mWARNING: This is a development server. Do not use it in a production deployment. Use a production WSGI server instead.[0m
 * Running on http://127.0.0.1:5000
INFO:werkzeug:[33mPress CTRL+C to quit[0m
INFO:werkzeug: * Restarting with stat
WARNING:werkzeug: * Debugger is active!
INFO:werkzeug: * Debugger PIN: 100-936-216
INFO:werkzeug: * Detected change in 'd:\\5A\\data sources python app\\my_cool_python_app\\third_micro\\main.py', reloading
INFO:werkzeug: * Restarting with stat
